<?xml version="1.0" encoding="UTF-8"?>
<!-- Generated by org.testng.reporters.JUnitXMLReporter -->
<testsuite hostname="DESKTOP-M5E1HQ0" ignored="0" name="Free CRM Test" tests="5" failures="1" timestamp="2021-02-04T11:30:50 IST" time="125.34" errors="0">
  <testcase name="LoginPageTitleTest" time="0.052" classname="com.crm.qa.testcases.LoginPageTest">
    <skipped/>
  </testcase> <!-- LoginPageTitleTest -->
  <testcase name="LoginPageTitleTest" time="0.028" classname="com.crm.qa.testcases.LoginPageTest">
    <skipped/>
  </testcase> <!-- LoginPageTitleTest -->
  <testcase name="LoginPageTitleTest" time="0.017" classname="com.crm.qa.testcases.LoginPageTest">
    <skipped/>
  </testcase> <!-- LoginPageTitleTest -->
  <testcase name="LoginPageTitleTest" time="0.015" classname="com.crm.qa.testcases.LoginPageTest">
    <failure type="java.lang.AssertionError" message="expected [Cogmento CRM11] but found [Cogmento CRM]">
      <![CDATA[java.lang.AssertionError: expected [Cogmento CRM11] but found [Cogmento CRM]
at com.crm.qa.testcases.LoginPageTest.LoginPageTitleTest(LoginPageTest.java:38)
at java.util.ArrayList.forEach(ArrayList.java:1259)
... Removed 33 stack frames]]>
    </failure>
  </testcase> <!-- LoginPageTitleTest -->
  <testcase name="LoginTest" time="0.83" classname="com.crm.qa.testcases.LoginPageTest"/>
</testsuite> <!-- Free CRM Test -->
